<?xml version="1.0" encoding="UTF-8"?>
<testsuite xmlns:xsi="http://www.w3.org/2001/XMLSchema-instance" xsi:noNamespaceSchemaLocation="https://maven.apache.org/surefire/maven-surefire-plugin/xsd/surefire-test-report-3.0.xsd" version="3.0" name="com.payflow.transactions.service.PaymentTransactionServiceTest" time="0.578" tests="5" errors="0" skipped="0" failures="0">
  <properties>
[...]
</properties>
  <testcase name="processPayment_paymentAlreadyCompleted_skipsProcessingIdempotently" classname="com.payflow.transactions.service.PaymentTransactionServiceTest" time="0.532">
    <system-out><![CDATA[18:08:10.643 [main] INFO com.payflow.transactions.service.PaymentTransactionService -- Processing payment paymentId=15a976e8-1b89-4555-a588-0f1af35d4582
18:08:10.646 [main] INFO com.payflow.transactions.service.PaymentTransactionService -- Payment 15a976e8-1b89-4555-a588-0f1af35d4582 already in status COMPLETED, skipping re-processing
]]></system-out>
    <system-err><![CDATA[WARNING: A Java agent has been loaded dynamically (/Users/dhruvgorasiya/.m2/repository/net/bytebuddy/byte-buddy-agent/1.14.13/byte-buddy-agent-1.14.13.jar)
WARNING: If a serviceability tool is in use, please run with -XX:+EnableDynamicAgentLoading to hide this warning
WARNING: If a serviceability tool is not in use, please run with -Djdk.instrument.traceUsage for more information
WARNING: Dynamic loading of agents will be disallowed by default in a future release
]]></system-err>
  </testcase>
  <testcase name="processPayment_paymentNotFoundInDb_skipsGracefully" classname="com.payflow.transactions.service.PaymentTransactionServiceTest" time="0.002">
    <system-out><![CDATA[18:08:10.655 [main] INFO com.payflow.transactions.service.PaymentTransactionService -- Processing payment paymentId=8e3ebeea-5950-4c08-a8ef-bda38e6feaff
18:08:10.655 [main] WARN com.payflow.transactions.service.PaymentTransactionService -- Payment 8e3ebeea-5950-4c08-a8ef-bda38e6feaff not found in DB for processing; may already be handled
]]></system-out>
  </testcase>
  <testcase name="processPayment_nullAmount_publishesFailedEvent" classname="com.payflow.transactions.service.PaymentTransactionServiceTest" time="0.023">
    <system-out><![CDATA[18:08:10.657 [main] INFO com.payflow.transactions.service.PaymentTransactionService -- Processing payment paymentId=fcc7d095-e7fa-4164-848c-6ea3d4f6c960
18:08:10.658 [main] ERROR com.payflow.transactions.service.PaymentTransactionService -- Payment fcc7d095-e7fa-4164-848c-6ea3d4f6c960 failed during processing: Invalid payment amount
]]></system-out>
  </testcase>
  <testcase name="processPayment_validInitiatedPayment_completesAndPublishesCompletedEvent" classname="com.payflow.transactions.service.PaymentTransactionServiceTest" time="0.005">
    <system-out><![CDATA[18:08:10.681 [main] INFO com.payflow.transactions.service.PaymentTransactionService -- Processing payment paymentId=9898026a-1ea7-4048-b3d5-b31d753651fd
18:08:10.681 [main] INFO com.payflow.transactions.service.PaymentTransactionService -- Payment 9898026a-1ea7-4048-b3d5-b31d753651fd completed successfully
]]></system-out>
  </testcase>
  <testcase name="processPayment_savesProcessingStatusBeforeCompletion" classname="com.payflow.transactions.service.PaymentTransactionServiceTest" time="0.004">
    <system-out><![CDATA[18:08:10.685 [main] INFO com.payflow.transactions.service.PaymentTransactionService -- Processing payment paymentId=2446bebc-c8e8-49fd-a5c5-ae893c7f194a
18:08:10.686 [main] INFO com.payflow.transactions.service.PaymentTransactionService -- Payment 2446bebc-c8e8-49fd-a5c5-ae893c7f194a completed successfully
]]></system-out>
  </testcase>
</testsuite>